# JRE version: Java(TM) SE Runtime Environment (8.0_71-b15) (build 1.8.0_71-b15)
# Java VM: Java HotSpot(TM) Client VM (25.71-b15 mixed mode, sharing windows-x86 )
Heap:
 def new generation   total 4928K, used 579K [0x04400000, 0x04950000, 0x09950000)
  eden space 4416K,   1% used [0x04400000, 0x044152a0, 0x04850000)
  from space 512K,  96% used [0x048d0000, 0x0494bae0, 0x04950000)
  to   space 512K,   0% used [0x04850000, 0x04850000, 0x048d0000)
 tenured generation   total 10944K, used 7148K [0x09950000, 0x0a400000, 0x14400000)
   the space 10944K,  65% used [0x09950000, 0x0a04b308, 0x0a04b400, 0x0a400000)
 Metaspace       used 8002K, capacity 9364K, committed 9472K, reserved 9600K
GC Heap History (10 events):
Event: 1.522 GC heap before
{Heap before GC invocations=4 (full 0):
 def new generation   total 4928K, used 4926K [0x04400000, 0x04950000, 0x09950000)
  eden space 4416K,  99% used [0x04400000, 0x0484f9f0, 0x04850000)
  from space 512K, 100% used [0x04850000, 0x048d0000, 0x048d0000)
  to   space 512K,   0% used [0x048d0000, 0x048d0000, 0x04950000)
 tenured generation   total 10944K, used 2552K [0x09950000, 0x0a400000, 0x14400000)
   the space 10944K,  23% used [0x09950000, 0x09bce048, 0x09bce200, 0x0a400000)
 Metaspace       used 5003K, capacity 6894K, committed 6912K, reserved 7552K
Event: 1.524 GC heap after
Heap after GC invocations=5 (full 0):
 def new generation   total 4928K, used 332K [0x04400000, 0x04950000, 0x09950000)
  eden space 4416K,   0% used [0x04400000, 0x04400000, 0x04850000)
  from space 512K,  64% used [0x048d0000, 0x04923158, 0x04950000)
  to   space 512K,   0% used [0x04850000, 0x04850000, 0x048d0000)
 tenured generation   total 10944K, used 3056K [0x09950000, 0x0a400000, 0x14400000)
   the space 10944K,  27% used [0x09950000, 0x09c4c268, 0x09c4c400, 0x0a400000)
 Metaspace       used 5003K, capacity 6894K, committed 6912K, reserved 7552K
}
Event: 1.730 GC heap before
{Heap before GC invocations=5 (full 0):
 def new generation   total 4928K, used 4748K [0x04400000, 0x04950000, 0x09950000)
  eden space 4416K, 100% used [0x04400000, 0x04850000, 0x04850000)
  from space 512K,  64% used [0x048d0000, 0x04923158, 0x04950000)
  to   space 512K,   0% used [0x04850000, 0x04850000, 0x048d0000)
 tenured generation   total 10944K, used 3056K [0x09950000, 0x0a400000, 0x14400000)
   the space 10944K,  27% used [0x09950000, 0x09c4c268, 0x09c4c400, 0x0a400000)
 Metaspace       used 6118K, capacity 8022K, committed 8064K, reserved 8576K
Event: 1.733 GC heap after
Heap after GC invocations=6 (full 0):
 def new generation   total 4928K, used 476K [0x04400000, 0x04950000, 0x09950000)
  eden space 4416K,   0% used [0x04400000, 0x04400000, 0x04850000)
  from space 512K,  93% used [0x04850000, 0x048c7150, 0x048d0000)
  to   space 512K,   0% used [0x048d0000, 0x048d0000, 0x04950000)
 tenured generation   total 10944K, used 3336K [0x09950000, 0x0a400000, 0x14400000)
   the space 10944K,  30% used [0x09950000, 0x09c92208, 0x09c92400, 0x0a400000)
 Metaspace       used 6118K, capacity 8022K, committed 8064K, reserved 8576K
}
Event: 1.816 GC heap before
{Heap before GC invocations=6 (full 0):
 def new generation   total 4928K, used 4892K [0x04400000, 0x04950000, 0x09950000)
  eden space 4416K, 100% used [0x04400000, 0x04850000, 0x04850000)
  from space 512K,  93% used [0x04850000, 0x048c7150, 0x048d0000)
  to   space 512K,   0% used [0x048d0000, 0x048d0000, 0x04950000)
 tenured generation   total 10944K, used 3336K [0x09950000, 0x0a400000, 0x14400000)
   the space 10944K,  30% used [0x09950000, 0x09c92208, 0x09c92400, 0x0a400000)
 Metaspace       used 6409K, capacity 8334K, committed 8448K, reserved 8576K
Event: 1.827 GC heap after
Heap after GC invocations=7 (full 0):
 def new generation   total 4928K, used 133K [0x04400000, 0x04950000, 0x09950000)
  eden space 4416K,   0% used [0x04400000, 0x04400000, 0x04850000)
  from space 512K,  26% used [0x048d0000, 0x048f15e8, 0x04950000)
  to   space 512K,   0% used [0x04850000, 0x04850000, 0x048d0000)
 tenured generation   total 10944K, used 6851K [0x09950000, 0x0a400000, 0x14400000)
   the space 10944K,  62% used [0x09950000, 0x0a000d80, 0x0a000e00, 0x0a400000)
 Metaspace       used 6409K, capacity 8334K, committed 8448K, reserved 8576K
}
Event: 32.752 GC heap before
{Heap before GC invocations=7 (full 0):
 def new generation   total 4928K, used 4549K [0x04400000, 0x04950000, 0x09950000)
  eden space 4416K, 100% used [0x04400000, 0x04850000, 0x04850000)
  from space 512K,  26% used [0x048d0000, 0x048f15e8, 0x04950000)
  to   space 512K,   0% used [0x04850000, 0x04850000, 0x048d0000)
 tenured generation   total 10944K, used 6851K [0x09950000, 0x0a400000, 0x14400000)
   the space 10944K,  62% used [0x09950000, 0x0a000d80, 0x0a000e00, 0x0a400000)
 Metaspace       used 6879K, capacity 8839K, committed 8960K, reserved 9600K
Event: 32.755 GC heap after
Heap after GC invocations=8 (full 0):
 def new generation   total 4928K, used 498K [0x04400000, 0x04950000, 0x09950000)
  eden space 4416K,   0% used [0x04400000, 0x04400000, 0x04850000)
  from space 512K,  97% used [0x04850000, 0x048ccb80, 0x048d0000)
  to   space 512K,   0% used [0x048d0000, 0x048d0000, 0x04950000)
 tenured generation   total 10944K, used 6869K [0x09950000, 0x0a400000, 0x14400000)
   the space 10944K,  62% used [0x09950000, 0x0a005738, 0x0a005800, 0x0a400000)
 Metaspace       used 6879K, capacity 8839K, committed 8960K, reserved 9600K
}
Event: 41.472 GC heap before
{Heap before GC invocations=8 (full 0):
 def new generation   total 4928K, used 4914K [0x04400000, 0x04950000, 0x09950000)
  eden space 4416K, 100% used [0x04400000, 0x04850000, 0x04850000)
  from space 512K,  97% used [0x04850000, 0x048ccb80, 0x048d0000)
  to   space 512K,   0% used [0x048d0000, 0x048d0000, 0x04950000)
 tenured generation   total 10944K, used 6869K [0x09950000, 0x0a400000, 0x14400000)
   the space 10944K,  62% used [0x09950000, 0x0a005738, 0x0a005800, 0x0a400000)
 Metaspace       used 7999K, capacity 9364K, committed 9472K, reserved 9600K
Event: 41.476 GC heap after
Heap after GC invocations=9 (full 0):
 def new generation   total 4928K, used 494K [0x04400000, 0x04950000, 0x09950000)
  eden space 4416K,   0% used [0x04400000, 0x04400000, 0x04850000)
  from space 512K,  96% used [0x048d0000, 0x0494bae0, 0x04950000)
  to   space 512K,   0% used [0x04850000, 0x04850000, 0x048d0000)
 tenured generation   total 10944K, used 7148K [0x09950000, 0x0a400000, 0x14400000)
   the space 10944K,  65% used [0x09950000, 0x0a04b308, 0x0a04b400, 0x0a400000)
 Metaspace       used 7999K, capacity 9364K, committed 9472K, reserved 9600K
}

